{"meta": {"format": 3, "version": "7.10.7", "timestamp": "2025-10-13T17:38:17.696917", "branch_coverage": false, "show_contexts": false}, "files": {"reference/chains/__init__.py": {"executed_lines": [1, 7, 8, 9, 10, 11, 12, 14], "summary": {"covered_lines": 7, "num_statements": 7, "percent_covered": 100.0, "percent_covered_display": "100.00", "missing_lines": 0, "excluded_lines": 0}, "missing_lines": [], "excluded_lines": [], "functions": {"": {"executed_lines": [1, 7, 8, 9, 10, 11, 12, 14], "summary": {"covered_lines": 7, "num_statements": 7, "percent_covered": 100.0, "percent_covered_display": "100.00", "missing_lines": 0, "excluded_lines": 0}, "missing_lines": [], "excluded_lines": []}}, "classes": {"": {"executed_lines": [1, 7, 8, 9, 10, 11, 12, 14], "summary": {"covered_lines": 7, "num_statements": 7, "percent_covered": 100.0, "percent_covered_display": "100.00", "missing_lines": 0, "excluded_lines": 0}, "missing_lines": [], "excluded_lines": []}}}, "reference/chains/activation_manager.py": {"executed_lines": [1, 8, 9, 12, 13, 38, 40, 41, 42, 44, 45, 47, 48, 50, 51, 53, 54, 56, 76, 78, 79, 80, 85, 87, 97, 98, 100, 115, 116, 117, 118, 120, 131, 132, 134, 147, 148, 150, 166, 167, 169, 176, 177, 179, 181, 182, 184, 186, 187, 188, 190, 192, 193], "summary": {"covered_lines": 48, "num_statements": 48, "percent_covered": 100.0, "percent_covered_display": "100.00", "missing_lines": 0, "excluded_lines": 7}, "missing_lines": [], "excluded_lines": [190, 191, 192, 193, 194, 195, 196], "functions": {"ActivationManager.__init__": {"executed_lines": [40, 41, 42], "summary": {"covered_lines": 3, "num_statements": 3, "percent_covered": 100.0, "percent_covered_display": "100.00", "missing_lines": 0, "excluded_lines": 0}, "missing_lines": [], "excluded_lines": []}, "ActivationManager.activation_stack": {"executed_lines": [47, 48], "summary": {"covered_lines": 2, "num_statements": 2, "percent_covered": 100.0, "percent_covered_display": "100.00", "missing_lines": 0, "excluded_lines": 0}, "missing_lines": [], "excluded_lines": []}, "ActivationManager.activation_history": {"executed_lines": [53, 54], "summary": {"covered_lines": 2, "num_statements": 2, "percent_covered": 100.0, "percent_covered_display": "100.00", "missing_lines": 0, "excluded_lines": 0}, "missing_lines": [], "excluded_lines": []}, "ActivationManager.can_activate": {"executed_lines": [76, 78, 79, 80, 85], "summary": {"covered_lines": 5, "num_statements": 5, "percent_covered": 100.0, "percent_covered_display": "100.00", "missing_lines": 0, "excluded_lines": 0}, "missing_lines": [], "excluded_lines": []}, "ActivationManager.push_activation": {"executed_lines": [97, 98], "summary": {"covered_lines": 2, "num_statements": 2, "percent_covered": 100.0, "percent_covered_display": "100.00", "missing_lines": 0, "excluded_lines": 0}, "missing_lines": [], "excluded_lines": []}, "ActivationManager.pop_activation": {"executed_lines": [115, 116, 117, 118], "summary": {"covered_lines": 4, "num_statements": 4, "percent_covered": 100.0, "percent_covered_display": "100.00", "missing_lines": 0, "excluded_lines": 0}, "missing_lines": [], "excluded_lines": []}, "ActivationManager.record_activation": {"executed_lines": [131, 132], "summary": {"covered_lines": 2, "num_statements": 2, "percent_covered": 100.0, "percent_covered_display": "100.00", "missing_lines": 0, "excluded_lines": 0}, "missing_lines": [], "excluded_lines": []}, "ActivationManager.get_current_chain": {"executed_lines": [147, 148], "summary": {"covered_lines": 2, "num_statements": 2, "percent_covered": 100.0, "percent_covered_display": "100.00", "missing_lines": 0, "excluded_lines": 0}, "missing_lines": [], "excluded_lines": []}, "ActivationManager.get_activation_depth": {"executed_lines": [166, 167], "summary": {"covered_lines": 2, "num_statements": 2, "percent_covered": 100.0, "percent_covered_display": "100.00", "missing_lines": 0, "excluded_lines": 0}, "missing_lines": [], "excluded_lines": []}, "ActivationManager.clear_stack": {"executed_lines": [176, 177], "summary": {"covered_lines": 2, "num_statements": 2, "percent_covered": 100.0, "percent_covered_display": "100.00", "missing_lines": 0, "excluded_lines": 0}, "missing_lines": [], "excluded_lines": []}, "ActivationManager.clear_history": {"executed_lines": [181, 182], "summary": {"covered_lines": 2, "num_statements": 2, "percent_covered": 100.0, "percent_covered_display": "100.00", "missing_lines": 0, "excluded_lines": 0}, "missing_lines": [], "excluded_lines": []}, "ActivationManager.reset": {"executed_lines": [186, 187, 188], "summary": {"covered_lines": 3, "num_statements": 3, "percent_covered": 100.0, "percent_covered_display": "100.00", "missing_lines": 0, "excluded_lines": 0}, "missing_lines": [], "excluded_lines": []}, "ActivationManager.__repr__": {"executed_lines": [192, 193], "summary": {"covered_lines": 0, "num_statements": 0, "percent_covered": 100.0, "percent_covered_display": "100.00", "missing_lines": 0, "excluded_lines": 6}, "missing_lines": [], "excluded_lines": [191, 192, 193, 194, 195, 196]}, "": {"executed_lines": [1, 8, 9, 12, 13, 38, 44, 45, 50, 51, 56, 87, 100, 120, 134, 150, 169, 179, 184, 190], "summary": {"covered_lines": 17, "num_statements": 17, "percent_covered": 100.0, "percent_covered_display": "100.00", "missing_lines": 0, "excluded_lines": 1}, "missing_lines": [], "excluded_lines": [190]}}, "classes": {"ActivationManager": {"executed_lines": [40, 41, 42, 47, 48, 53, 54, 76, 78, 79, 80, 85, 97, 98, 115, 116, 117, 118, 131, 132, 147, 148, 166, 167, 176, 177, 181, 182, 186, 187, 188, 192, 193], "summary": {"covered_lines": 31, "num_statements": 31, "percent_covered": 100.0, "percent_covered_display": "100.00", "missing_lines": 0, "excluded_lines": 6}, "missing_lines": [], "excluded_lines": [191, 192, 193, 194, 195, 196]}, "": {"executed_lines": [1, 8, 9, 12, 13, 38, 44, 45, 50, 51, 56, 87, 100, 120, 134, 150, 169, 179, 184, 190], "summary": {"covered_lines": 17, "num_statements": 17, "percent_covered": 100.0, "percent_covered_display": "100.00", "missing_lines": 0, "excluded_lines": 1}, "missing_lines": [], "excluded_lines": [190]}}}, "reference/chains/command_resolver.py": {"executed_lines": [1, 3, 5, 7, 11, 12, 14, 53, 65, 92, 105], "summary": {"covered_lines": 8, "num_statements": 56, "percent_covered": 14.285714285714286, "percent_covered_display": "14.29", "missing_lines": 48, "excluded_lines": 2}, "missing_lines": [35, 36, 37, 39, 40, 43, 45, 48, 56, 57, 59, 60, 68, 69, 71, 72, 74, 75, 76, 77, 79, 80, 82, 83, 84, 85, 86, 87, 89, 90, 95, 96, 97, 98, 99, 100, 101, 102, 103, 108, 109, 110, 111, 112, 113, 114, 115, 116], "excluded_lines": [7, 8], "functions": {"CommandResolver.__init__": {"executed_lines": [], "summary": {"covered_lines": 0, "num_statements": 8, "percent_covered": 0.0, "percent_covered_display": "0.00", "missing_lines": 8, "excluded_lines": 0}, "missing_lines": [35, 36, 37, 39, 40, 43, 45, 48], "excluded_lines": []}, "CommandResolver._ensure_registry": {"executed_lines": [], "summary": {"covered_lines": 0, "num_statements": 4, "percent_covered": 0.0, "percent_covered_display": "0.00", "missing_lines": 4, "excluded_lines": 0}, "missing_lines": [56, 57, 59, 60], "excluded_lines": []}, "CommandResolver.resolve_command_ref": {"executed_lines": [], "summary": {"covered_lines": 0, "num_statements": 18, "percent_covered": 0.0, "percent_covered_display": "0.00", "missing_lines": 18, "excluded_lines": 0}, "missing_lines": [68, 69, 71, 72, 74, 75, 76, 77, 79, 80, 82, 83, 84, 85, 86, 87, 89, 90], "excluded_lines": []}, "CommandResolver.extract_command_refs": {"executed_lines": [], "summary": {"covered_lines": 0, "num_statements": 9, "percent_covered": 0.0, "percent_covered_display": "0.00", "missing_lines": 9, "excluded_lines": 0}, "missing_lines": [95, 96, 97, 98, 99, 100, 101, 102, 103], "excluded_lines": []}, "CommandResolver.validate_references": {"executed_lines": [], "summary": {"covered_lines": 0, "num_statements": 9, "percent_covered": 0.0, "percent_covered_display": "0.00", "missing_lines": 9, "excluded_lines": 0}, "missing_lines": [108, 109, 110, 111, 112, 113, 114, 115, 116], "excluded_lines": []}, "": {"executed_lines": [1, 3, 5, 7, 11, 12, 14, 53, 65, 92, 105], "summary": {"covered_lines": 8, "num_statements": 8, "percent_covered": 100.0, "percent_covered_display": "100.00", "missing_lines": 0, "excluded_lines": 2}, "missing_lines": [], "excluded_lines": [7, 8]}}, "classes": {"CommandResolver": {"executed_lines": [], "summary": {"covered_lines": 0, "num_statements": 48, "percent_covered": 0.0, "percent_covered_display": "0.00", "missing_lines": 48, "excluded_lines": 0}, "missing_lines": [35, 36, 37, 39, 40, 43, 45, 48, 56, 57, 59, 60, 68, 69, 71, 72, 74, 75, 76, 77, 79, 80, 82, 83, 84, 85, 86, 87, 89, 90, 95, 96, 97, 98, 99, 100, 101, 102, 103, 108, 109, 110, 111, 112, 113, 114, 115, 116], "excluded_lines": []}, "": {"executed_lines": [1, 3, 5, 7, 11, 12, 14, 53, 65, 92, 105], "summary": {"covered_lines": 8, "num_statements": 8, "percent_covered": 100.0, "percent_covered_display": "100.00", "missing_lines": 0, "excluded_lines": 2}, "missing_lines": [], "excluded_lines": [7, 8]}}}, "reference/chains/core/__init__.py": {"executed_lines": [1, 7, 9], "summary": {"covered_lines": 2, "num_statements": 2, "percent_covered": 100.0, "percent_covered_display": "100.00", "missing_lines": 0, "excluded_lines": 0}, "missing_lines": [], "excluded_lines": [], "functions": {"": {"executed_lines": [1, 7, 9], "summary": {"covered_lines": 2, "num_statements": 2, "percent_covered": 100.0, "percent_covered_display": "100.00", "missing_lines": 0, "excluded_lines": 0}, "missing_lines": [], "excluded_lines": []}}, "classes": {"": {"executed_lines": [1, 7, 9], "summary": {"covered_lines": 2, "num_statements": 2, "percent_covered": 100.0, "percent_covered_display": "100.00", "missing_lines": 0, "excluded_lines": 0}, "missing_lines": [], "excluded_lines": []}}}, "reference/chains/core/step_processor.py": {"executed_lines": [1, 7, 8, 9, 10, 11, 12, 15, 16, 27, 38, 100, 132, 147, 197], "summary": {"covered_lines": 13, "num_statements": 73, "percent_covered": 17.80821917808219, "percent_covered_display": "17.81", "missing_lines": 60, "excluded_lines": 0}, "missing_lines": [35, 36, 59, 61, 63, 72, 73, 74, 76, 85, 88, 89, 92, 113, 116, 117, 118, 121, 127, 128, 130, 144, 145, 158, 159, 161, 162, 165, 166, 167, 168, 171, 172, 173, 174, 176, 177, 180, 181, 182, 183, 184, 186, 187, 190, 191, 192, 193, 195, 208, 210, 211, 213, 214, 215, 216, 219, 220, 223, 225], "excluded_lines": [], "functions": {"StepProcessor.__init__": {"executed_lines": [], "summary": {"covered_lines": 0, "num_statements": 2, "percent_covered": 0.0, "percent_covered_display": "0.00", "missing_lines": 2, "excluded_lines": 0}, "missing_lines": [35, 36], "excluded_lines": []}, "StepProcessor.process_output": {"executed_lines": [], "summary": {"covered_lines": 0, "num_statements": 11, "percent_covered": 0.0, "percent_covered_display": "0.00", "missing_lines": 11, "excluded_lines": 0}, "missing_lines": [59, 61, 63, 72, 73, 74, 76, 85, 88, 89, 92], "excluded_lines": []}, "StepProcessor._handle_selections": {"executed_lines": [], "summary": {"covered_lines": 0, "num_statements": 8, "percent_covered": 0.0, "percent_covered_display": "0.00", "missing_lines": 8, "excluded_lines": 0}, "missing_lines": [113, 116, 117, 118, 121, 127, 128, 130], "excluded_lines": []}, "StepProcessor._make_selection_prompt": {"executed_lines": [], "summary": {"covered_lines": 0, "num_statements": 2, "percent_covered": 0.0, "percent_covered_display": "0.00", "missing_lines": 2, "excluded_lines": 0}, "missing_lines": [144, 145], "excluded_lines": []}, "StepProcessor.get_step_summary": {"executed_lines": [], "summary": {"covered_lines": 0, "num_statements": 26, "percent_covered": 0.0, "percent_covered_display": "0.00", "missing_lines": 26, "excluded_lines": 0}, "missing_lines": [158, 159, 161, 162, 165, 166, 167, 168, 171, 172, 173, 174, 176, 177, 180, 181, 182, 183, 184, 186, 187, 190, 191, 192, 193, 195], "excluded_lines": []}, "StepProcessor.should_continue": {"executed_lines": [], "summary": {"covered_lines": 0, "num_statements": 11, "percent_covered": 0.0, "percent_covered_display": "0.00", "missing_lines": 11, "excluded_lines": 0}, "missing_lines": [208, 210, 211, 213, 214, 215, 216, 219, 220, 223, 225], "excluded_lines": []}, "": {"executed_lines": [1, 7, 8, 9, 10, 11, 12, 15, 16, 27, 38, 100, 132, 147, 197], "summary": {"covered_lines": 13, "num_statements": 13, "percent_covered": 100.0, "percent_covered_display": "100.00", "missing_lines": 0, "excluded_lines": 0}, "missing_lines": [], "excluded_lines": []}}, "classes": {"StepProcessor": {"executed_lines": [], "summary": {"covered_lines": 0, "num_statements": 60, "percent_covered": 0.0, "percent_covered_display": "0.00", "missing_lines": 60, "excluded_lines": 0}, "missing_lines": [35, 36, 59, 61, 63, 72, 73, 74, 76, 85, 88, 89, 92, 113, 116, 117, 118, 121, 127, 128, 130, 144, 145, 158, 159, 161, 162, 165, 166, 167, 168, 171, 172, 173, 174, 176, 177, 180, 181, 182, 183, 184, 186, 187, 190, 191, 192, 193, 195, 208, 210, 211, 213, 214, 215, 216, 219, 220, 223, 225], "excluded_lines": []}, "": {"executed_lines": [1, 7, 8, 9, 10, 11, 12, 15, 16, 27, 38, 100, 132, 147, 197], "summary": {"covered_lines": 13, "num_statements": 13, "percent_covered": 100.0, "percent_covered_display": "100.00", "missing_lines": 0, "excluded_lines": 0}, "missing_lines": [], "excluded_lines": []}}}, "reference/chains/filtering/__init__.py": {"executed_lines": [1, 7, 9], "summary": {"covered_lines": 2, "num_statements": 2, "percent_covered": 100.0, "percent_covered_display": "100.00", "missing_lines": 0, "excluded_lines": 0}, "missing_lines": [], "excluded_lines": [], "functions": {"": {"executed_lines": [1, 7, 9], "summary": {"covered_lines": 2, "num_statements": 2, "percent_covered": 100.0, "percent_covered_display": "100.00", "missing_lines": 0, "excluded_lines": 0}, "missing_lines": [], "excluded_lines": []}}, "classes": {"": {"executed_lines": [1, 7, 9], "summary": {"covered_lines": 2, "num_statements": 2, "percent_covered": 100.0, "percent_covered_display": "100.00", "missing_lines": 0, "excluded_lines": 0}, "missing_lines": [], "excluded_lines": []}}}, "reference/chains/filtering/selector.py": {"executed_lines": [1, 7, 8, 9, 10, 13, 14, 24, 33, 108, 194, 234, 246], "summary": {"covered_lines": 11, "num_statements": 101, "percent_covered": 10.891089108910892, "percent_covered_display": "10.89", "missing_lines": 90, "excluded_lines": 0}, "missing_lines": [31, 59, 60, 61, 63, 65, 66, 67, 70, 71, 73, 74, 75, 77, 78, 83, 84, 85, 88, 89, 91, 92, 94, 95, 96, 98, 99, 100, 101, 102, 103, 104, 106, 131, 132, 133, 136, 137, 139, 140, 141, 144, 145, 148, 151, 152, 155, 158, 159, 160, 162, 163, 168, 170, 171, 176, 179, 180, 181, 184, 187, 188, 189, 190, 192, 212, 213, 214, 215, 217, 218, 221, 224, 225, 228, 229, 232, 244, 257, 260, 261, 262, 263, 266, 267, 268, 269, 270, 271, 273], "excluded_lines": [], "functions": {"FindingSelector.__init__": {"executed_lines": [], "summary": {"covered_lines": 0, "num_statements": 1, "percent_covered": 0.0, "percent_covered_display": "0.00", "missing_lines": 1, "excluded_lines": 0}, "missing_lines": [31], "excluded_lines": []}, "FindingSelector.select_single": {"executed_lines": [], "summary": {"covered_lines": 0, "num_statements": 32, "percent_covered": 0.0, "percent_covered_display": "0.00", "missing_lines": 32, "excluded_lines": 0}, "missing_lines": [59, 60, 61, 63, 65, 66, 67, 70, 71, 73, 74, 75, 77, 78, 83, 84, 85, 88, 89, 91, 92, 94, 95, 96, 98, 99, 100, 101, 102, 103, 104, 106], "excluded_lines": []}, "FindingSelector.select_multiple": {"executed_lines": [], "summary": {"covered_lines": 0, "num_statements": 32, "percent_covered": 0.0, "percent_covered_display": "0.00", "missing_lines": 32, "excluded_lines": 0}, "missing_lines": [131, 132, 133, 136, 137, 139, 140, 141, 144, 145, 148, 151, 152, 155, 158, 159, 160, 162, 163, 168, 170, 171, 176, 179, 180, 181, 184, 187, 188, 189, 190, 192], "excluded_lines": []}, "FindingSelector._format_display": {"executed_lines": [], "summary": {"covered_lines": 0, "num_statements": 12, "percent_covered": 0.0, "percent_covered_display": "0.00", "missing_lines": 12, "excluded_lines": 0}, "missing_lines": [212, 213, 214, 215, 217, 218, 221, 224, 225, 228, 229, 232], "excluded_lines": []}, "FindingSelector._read_input": {"executed_lines": [], "summary": {"covered_lines": 0, "num_statements": 1, "percent_covered": 0.0, "percent_covered_display": "0.00", "missing_lines": 1, "excluded_lines": 0}, "missing_lines": [244], "excluded_lines": []}, "FindingSelector._parse_multi_input": {"executed_lines": [], "summary": {"covered_lines": 0, "num_statements": 12, "percent_covered": 0.0, "percent_covered_display": "0.00", "missing_lines": 12, "excluded_lines": 0}, "missing_lines": [257, 260, 261, 262, 263, 266, 267, 268, 269, 270, 271, 273], "excluded_lines": []}, "": {"executed_lines": [1, 7, 8, 9, 10, 13, 14, 24, 33, 108, 194, 234, 246], "summary": {"covered_lines": 11, "num_statements": 11, "percent_covered": 100.0, "percent_covered_display": "100.00", "missing_lines": 0, "excluded_lines": 0}, "missing_lines": [], "excluded_lines": []}}, "classes": {"FindingSelector": {"executed_lines": [], "summary": {"covered_lines": 0, "num_statements": 90, "percent_covered": 0.0, "percent_covered_display": "0.00", "missing_lines": 90, "excluded_lines": 0}, "missing_lines": [31, 59, 60, 61, 63, 65, 66, 67, 70, 71, 73, 74, 75, 77, 78, 83, 84, 85, 88, 89, 91, 92, 94, 95, 96, 98, 99, 100, 101, 102, 103, 104, 106, 131, 132, 133, 136, 137, 139, 140, 141, 144, 145, 148, 151, 152, 155, 158, 159, 160, 162, 163, 168, 170, 171, 176, 179, 180, 181, 184, 187, 188, 189, 190, 192, 212, 213, 214, 215, 217, 218, 221, 224, 225, 228, 229, 232, 244, 257, 260, 261, 262, 263, 266, 267, 268, 269, 270, 271, 273], "excluded_lines": []}, "": {"executed_lines": [1, 7, 8, 9, 10, 13, 14, 24, 33, 108, 194, 234, 246], "summary": {"covered_lines": 11, "num_statements": 11, "percent_covered": 100.0, "percent_covered_display": "100.00", "missing_lines": 0, "excluded_lines": 0}, "missing_lines": [], "excluded_lines": []}}}, "reference/chains/interactive.py": {"executed_lines": [1, 10, 11, 12, 13, 14, 16, 18, 21, 22, 23, 24, 25, 26, 27, 28, 29, 30, 33, 34, 36, 49, 51, 52, 53, 54, 55, 56, 62, 65, 66, 69, 72, 73, 77, 83, 86, 97, 113, 116, 119, 120, 121, 124, 125, 126, 128, 131, 132, 165, 167, 170, 172, 173, 174, 177, 180, 181, 195, 198, 199, 202, 203, 206, 209, 210, 211, 219, 220, 223, 229, 232, 233, 239, 240, 246, 247, 248, 256, 258, 260, 261, 262, 265, 266, 267, 268, 271, 272, 273, 276, 277, 280, 281, 287, 288, 294, 296, 298, 300, 301, 302, 305, 308, 314, 316, 317, 318, 319, 324, 325, 331, 332, 338, 339, 344, 353, 355, 356, 357, 358, 359, 366, 376, 377, 379, 380, 381, 386, 396, 399, 400, 403, 406, 409, 410, 412, 421, 423, 424, 469, 471, 473, 483, 485, 486, 495, 496, 497, 501, 502, 507, 510, 511, 514, 520, 529, 536, 537, 538, 606, 612, 616, 651, 675, 681, 684, 685, 686, 689, 690, 696, 697, 698, 699, 700, 701, 702, 705, 706, 707, 708, 709, 711, 712, 713, 715, 716, 717, 718, 720, 723, 724, 725, 728, 729, 732, 734, 736, 738, 742, 748, 749, 750, 753, 754, 757, 758, 760, 762, 770, 772, 773, 778, 781, 783, 784, 785, 787], "summary": {"covered_lines": 216, "num_statements": 428, "percent_covered": 50.467289719626166, "percent_covered_display": "50.47", "missing_lines": 212, "excluded_lines": 3}, "missing_lines": [74, 78, 79, 80, 81, 87, 88, 89, 93, 94, 98, 101, 102, 103, 105, 106, 107, 111, 134, 135, 136, 137, 139, 140, 141, 142, 144, 146, 147, 150, 152, 153, 155, 156, 157, 158, 160, 162, 163, 182, 185, 186, 187, 188, 190, 191, 192, 224, 225, 226, 235, 236, 241, 242, 243, 244, 251, 252, 253, 254, 282, 283, 284, 289, 291, 292, 309, 310, 311, 320, 321, 326, 327, 328, 333, 334, 335, 340, 341, 342, 362, 363, 364, 384, 413, 414, 415, 416, 417, 419, 427, 430, 431, 432, 434, 436, 439, 440, 441, 442, 444, 445, 446, 449, 450, 451, 452, 455, 457, 459, 460, 461, 462, 464, 465, 466, 498, 504, 512, 513, 516, 517, 518, 522, 523, 524, 525, 526, 527, 540, 543, 544, 547, 548, 549, 552, 553, 554, 556, 557, 558, 559, 560, 561, 562, 563, 566, 567, 569, 571, 574, 575, 577, 578, 579, 580, 582, 584, 586, 587, 588, 590, 591, 592, 594, 595, 597, 599, 601, 603, 604, 608, 609, 610, 614, 622, 624, 626, 628, 630, 632, 635, 638, 639, 641, 645, 647, 649, 661, 662, 664, 667, 670, 671, 673, 682, 774, 775, 793, 794, 795, 797, 798, 799, 800, 801, 802, 803, 804, 805, 807, 808], "excluded_lines": [18, 19, 20], "functions": {"ChainInteractive.__init__": {"executed_lines": [49, 51, 52, 53, 54, 55, 56, 62, 65, 66, 69, 72, 73, 77, 83, 86, 97, 113, 116, 119, 120, 121, 124, 125, 126], "summary": {"covered_lines": 25, "num_statements": 43, "percent_covered": 58.13953488372093, "percent_covered_display": "58.14", "missing_lines": 18, "excluded_lines": 0}, "missing_lines": [74, 78, 79, 80, 81, 87, 88, 89, 93, 94, 98, 101, 102, 103, 105, 106, 107, 111], "excluded_lines": []}, "ChainInteractive._ensure_chains_loaded": {"executed_lines": [131, 132], "summary": {"covered_lines": 2, "num_statements": 23, "percent_covered": 8.695652173913043, "percent_covered_display": "8.70", "missing_lines": 21, "excluded_lines": 0}, "missing_lines": [134, 135, 136, 137, 139, 140, 141, 142, 144, 146, 147, 150, 152, 153, 155, 156, 157, 158, 160, 162, 163], "excluded_lines": []}, "ChainInteractive.run": {"executed_lines": [167, 170, 172, 173, 174, 177, 180, 181, 195, 198, 199, 202, 203, 206, 209, 210, 211, 219, 220, 223, 229, 232, 233, 239, 240, 246, 247, 248], "summary": {"covered_lines": 28, "num_statements": 49, "percent_covered": 57.142857142857146, "percent_covered_display": "57.14", "missing_lines": 21, "excluded_lines": 0}, "missing_lines": [182, 185, 186, 187, 188, 190, 191, 192, 224, 225, 226, 235, 236, 241, 242, 243, 244, 251, 252, 253, 254], "excluded_lines": []}, "ChainInteractive._show_chain_header": {"executed_lines": [258, 260, 261, 262, 265, 266, 267, 268, 271, 272, 273, 276, 277, 280, 281, 287, 288, 294], "summary": {"covered_lines": 18, "num_statements": 24, "percent_covered": 75.0, "percent_covered_display": "75.00", "missing_lines": 6, "excluded_lines": 0}, "missing_lines": [282, 283, 284, 289, 291, 292], "excluded_lines": []}, "ChainInteractive._show_step": {"executed_lines": [298, 300, 301, 302, 305, 308, 314, 316, 317, 318, 319, 324, 325, 331, 332, 338, 339], "summary": {"covered_lines": 17, "num_statements": 31, "percent_covered": 54.83870967741935, "percent_covered_display": "54.84", "missing_lines": 14, "excluded_lines": 0}, "missing_lines": [309, 310, 311, 320, 321, 326, 327, 328, 333, 334, 335, 340, 341, 342], "excluded_lines": []}, "ChainInteractive._resolve_command_preview": {"executed_lines": [353, 355, 356, 357, 358, 359], "summary": {"covered_lines": 6, "num_statements": 9, "percent_covered": 66.66666666666667, "percent_covered_display": "66.67", "missing_lines": 3, "excluded_lines": 0}, "missing_lines": [362, 363, 364], "excluded_lines": []}, "ChainInteractive._resolve_command": {"executed_lines": [376, 377, 379, 380, 381], "summary": {"covered_lines": 5, "num_statements": 6, "percent_covered": 83.33333333333333, "percent_covered_display": "83.33", "missing_lines": 1, "excluded_lines": 0}, "missing_lines": [384], "excluded_lines": []}, "ChainInteractive._fill_command": {"executed_lines": [396, 399, 400, 403, 406, 409, 410, 412, 421, 423, 424, 469, 471], "summary": {"covered_lines": 13, "num_statements": 45, "percent_covered": 28.88888888888889, "percent_covered_display": "28.89", "missing_lines": 32, "excluded_lines": 0}, "missing_lines": [413, 414, 415, 416, 417, 419, 427, 430, 431, 432, 434, 436, 439, 440, 441, 442, 444, 445, 446, 449, 450, 451, 452, 455, 457, 459, 460, 461, 462, 464, 465, 466], "excluded_lines": []}, "ChainInteractive._execute": {"executed_lines": [483, 485, 486, 495, 496, 497, 501, 502, 507, 510, 511, 514, 520], "summary": {"covered_lines": 13, "num_statements": 26, "percent_covered": 50.0, "percent_covered_display": "50.00", "missing_lines": 13, "excluded_lines": 0}, "missing_lines": [498, 504, 512, 513, 516, 517, 518, 522, 523, 524, 525, 526, 527], "excluded_lines": []}, "ChainInteractive._show_verification_checklist": {"executed_lines": [536, 537, 538], "summary": {"covered_lines": 3, "num_statements": 45, "percent_covered": 6.666666666666667, "percent_covered_display": "6.67", "missing_lines": 42, "excluded_lines": 0}, "missing_lines": [540, 543, 544, 547, 548, 549, 552, 553, 554, 556, 557, 558, 559, 560, 561, 562, 563, 566, 567, 569, 571, 574, 575, 577, 578, 579, 580, 582, 584, 586, 587, 588, 590, 591, 592, 594, 595, 597, 599, 601, 603, 604], "excluded_lines": []}, "ChainInteractive._mark_complete": {"executed_lines": [], "summary": {"covered_lines": 0, "num_statements": 3, "percent_covered": 0.0, "percent_covered_display": "0.00", "missing_lines": 3, "excluded_lines": 0}, "missing_lines": [608, 609, 610], "excluded_lines": []}, "ChainInteractive._advance_step": {"executed_lines": [], "summary": {"covered_lines": 0, "num_statements": 1, "percent_covered": 0.0, "percent_covered_display": "0.00", "missing_lines": 1, "excluded_lines": 0}, "missing_lines": [614], "excluded_lines": []}, "ChainInteractive._read_single_key": {"executed_lines": [], "summary": {"covered_lines": 0, "num_statements": 13, "percent_covered": 0.0, "percent_covered_display": "0.00", "missing_lines": 13, "excluded_lines": 0}, "missing_lines": [622, 624, 626, 628, 630, 632, 635, 638, 639, 641, 645, 647, 649], "excluded_lines": []}, "ChainInteractive._confirm": {"executed_lines": [], "summary": {"covered_lines": 0, "num_statements": 7, "percent_covered": 0.0, "percent_covered_display": "0.00", "missing_lines": 7, "excluded_lines": 0}, "missing_lines": [661, 662, 664, 667, 670, 671, 673], "excluded_lines": []}, "ChainInteractive._handle_chain_activations": {"executed_lines": [681, 684, 685, 686, 689, 690, 696, 697, 698, 699, 700, 701, 702, 705, 706, 707, 708, 709, 711, 712, 713, 715, 716, 717, 718, 720, 723, 724, 725, 728, 729, 732, 734, 736, 738], "summary": {"covered_lines": 35, "num_statements": 36, "percent_covered": 97.22222222222223, "percent_covered_display": "97.22", "missing_lines": 1, "excluded_lines": 0}, "missing_lines": [682], "excluded_lines": []}, "ChainInteractive._launch_child_chain": {"executed_lines": [748, 749, 750, 753, 754, 757, 758, 760, 762, 770, 772, 773, 778, 781, 783, 784, 785], "summary": {"covered_lines": 17, "num_statements": 19, "percent_covered": 89.47368421052632, "percent_covered_display": "89.47", "missing_lines": 2, "excluded_lines": 0}, "missing_lines": [774, 775], "excluded_lines": []}, "ChainInteractive._show_activation_details": {"executed_lines": [], "summary": {"covered_lines": 0, "num_statements": 14, "percent_covered": 0.0, "percent_covered_display": "0.00", "missing_lines": 14, "excluded_lines": 0}, "missing_lines": [793, 794, 795, 797, 798, 799, 800, 801, 802, 803, 804, 805, 807, 808], "excluded_lines": []}, "": {"executed_lines": [1, 10, 11, 12, 13, 14, 16, 18, 21, 22, 23, 24, 25, 26, 27, 28, 29, 30, 33, 34, 36, 128, 165, 256, 296, 344, 366, 386, 473, 529, 606, 612, 616, 651, 675, 742, 787], "summary": {"covered_lines": 34, "num_statements": 34, "percent_covered": 100.0, "percent_covered_display": "100.00", "missing_lines": 0, "excluded_lines": 3}, "missing_lines": [], "excluded_lines": [18, 19, 20]}}, "classes": {"ChainInteractive": {"executed_lines": [49, 51, 52, 53, 54, 55, 56, 62, 65, 66, 69, 72, 73, 77, 83, 86, 97, 113, 116, 119, 120, 121, 124, 125, 126, 131, 132, 167, 170, 172, 173, 174, 177, 180, 181, 195, 198, 199, 202, 203, 206, 209, 210, 211, 219, 220, 223, 229, 232, 233, 239, 240, 246, 247, 248, 258, 260, 261, 262, 265, 266, 267, 268, 271, 272, 273, 276, 277, 280, 281, 287, 288, 294, 298, 300, 301, 302, 305, 308, 314, 316, 317, 318, 319, 324, 325, 331, 332, 338, 339, 353, 355, 356, 357, 358, 359, 376, 377, 379, 380, 381, 396, 399, 400, 403, 406, 409, 410, 412, 421, 423, 424, 469, 471, 483, 485, 486, 495, 496, 497, 501, 502, 507, 510, 511, 514, 520, 536, 537, 538, 681, 684, 685, 686, 689, 690, 696, 697, 698, 699, 700, 701, 702, 705, 706, 707, 708, 709, 711, 712, 713, 715, 716, 717, 718, 720, 723, 724, 725, 728, 729, 732, 734, 736, 738, 748, 749, 750, 753, 754, 757, 758, 760, 762, 770, 772, 773, 778, 781, 783, 784, 785], "summary": {"covered_lines": 182, "num_statements": 394, "percent_covered": 46.192893401015226, "percent_covered_display": "46.19", "missing_lines": 212, "excluded_lines": 0}, "missing_lines": [74, 78, 79, 80, 81, 87, 88, 89, 93, 94, 98, 101, 102, 103, 105, 106, 107, 111, 134, 135, 136, 137, 139, 140, 141, 142, 144, 146, 147, 150, 152, 153, 155, 156, 157, 158, 160, 162, 163, 182, 185, 186, 187, 188, 190, 191, 192, 224, 225, 226, 235, 236, 241, 242, 243, 244, 251, 252, 253, 254, 282, 283, 284, 289, 291, 292, 309, 310, 311, 320, 321, 326, 327, 328, 333, 334, 335, 340, 341, 342, 362, 363, 364, 384, 413, 414, 415, 416, 417, 419, 427, 430, 431, 432, 434, 436, 439, 440, 441, 442, 444, 445, 446, 449, 450, 451, 452, 455, 457, 459, 460, 461, 462, 464, 465, 466, 498, 504, 512, 513, 516, 517, 518, 522, 523, 524, 525, 526, 527, 540, 543, 544, 547, 548, 549, 552, 553, 554, 556, 557, 558, 559, 560, 561, 562, 563, 566, 567, 569, 571, 574, 575, 577, 578, 579, 580, 582, 584, 586, 587, 588, 590, 591, 592, 594, 595, 597, 599, 601, 603, 604, 608, 609, 610, 614, 622, 624, 626, 628, 630, 632, 635, 638, 639, 641, 645, 647, 649, 661, 662, 664, 667, 670, 671, 673, 682, 774, 775, 793, 794, 795, 797, 798, 799, 800, 801, 802, 803, 804, 805, 807, 808], "excluded_lines": []}, "": {"executed_lines": [1, 10, 11, 12, 13, 14, 16, 18, 21, 22, 23, 24, 25, 26, 27, 28, 29, 30, 33, 34, 36, 128, 165, 256, 296, 344, 366, 386, 473, 529, 606, 612, 616, 651, 675, 742, 787], "summary": {"covered_lines": 34, "num_statements": 34, "percent_covered": 100.0, "percent_covered_display": "100.00", "missing_lines": 0, "excluded_lines": 3}, "missing_lines": [], "excluded_lines": [18, 19, 20]}}}, "reference/chains/loader.py": {"executed_lines": [1, 3, 5, 6, 7, 9, 10, 13, 14, 16, 32, 85], "summary": {"covered_lines": 10, "num_statements": 73, "percent_covered": 13.698630136986301, "percent_covered_display": "13.70", "missing_lines": 63, "excluded_lines": 0}, "missing_lines": [23, 24, 25, 27, 28, 29, 30, 53, 54, 55, 57, 58, 59, 60, 62, 63, 64, 65, 66, 68, 69, 70, 71, 73, 74, 75, 76, 78, 79, 80, 81, 83, 107, 108, 110, 111, 113, 114, 115, 116, 118, 120, 121, 122, 123, 124, 125, 127, 128, 129, 130, 132, 133, 136, 139, 140, 141, 143, 144, 145, 148, 149, 151], "excluded_lines": [], "functions": {"ChainLoader.__init__": {"executed_lines": [], "summary": {"covered_lines": 0, "num_statements": 7, "percent_covered": 0.0, "percent_covered_display": "0.00", "missing_lines": 7, "excluded_lines": 0}, "missing_lines": [23, 24, 25, 27, 28, 29, 30], "excluded_lines": []}, "ChainLoader.load_chain": {"executed_lines": [], "summary": {"covered_lines": 0, "num_statements": 25, "percent_covered": 0.0, "percent_covered_display": "0.00", "missing_lines": 25, "excluded_lines": 0}, "missing_lines": [53, 54, 55, 57, 58, 59, 60, 62, 63, 64, 65, 66, 68, 69, 70, 71, 73, 74, 75, 76, 78, 79, 80, 81, 83], "excluded_lines": []}, "ChainLoader.load_all_chains": {"executed_lines": [], "summary": {"covered_lines": 0, "num_statements": 31, "percent_covered": 0.0, "percent_covered_display": "0.00", "missing_lines": 31, "excluded_lines": 0}, "missing_lines": [107, 108, 110, 111, 113, 114, 115, 116, 118, 120, 121, 122, 123, 124, 125, 127, 128, 129, 130, 132, 133, 136, 139, 140, 141, 143, 144, 145, 148, 149, 151], "excluded_lines": []}, "": {"executed_lines": [1, 3, 5, 6, 7, 9, 10, 13, 14, 16, 32, 85], "summary": {"covered_lines": 10, "num_statements": 10, "percent_covered": 100.0, "percent_covered_display": "100.00", "missing_lines": 0, "excluded_lines": 0}, "missing_lines": [], "excluded_lines": []}}, "classes": {"ChainLoader": {"executed_lines": [], "summary": {"covered_lines": 0, "num_statements": 63, "percent_covered": 0.0, "percent_covered_display": "0.00", "missing_lines": 63, "excluded_lines": 0}, "missing_lines": [23, 24, 25, 27, 28, 29, 30, 53, 54, 55, 57, 58, 59, 60, 62, 63, 64, 65, 66, 68, 69, 70, 71, 73, 74, 75, 76, 78, 79, 80, 81, 83, 107, 108, 110, 111, 113, 114, 115, 116, 118, 120, 121, 122, 123, 124, 125, 127, 128, 129, 130, 132, 133, 136, 139, 140, 141, 143, 144, 145, 148, 149, 151], "excluded_lines": []}, "": {"executed_lines": [1, 3, 5, 6, 7, 9, 10, 13, 14, 16, 32, 85], "summary": {"covered_lines": 10, "num_statements": 10, "percent_covered": 100.0, "percent_covered_display": "100.00", "missing_lines": 0, "excluded_lines": 0}, "missing_lines": [], "excluded_lines": []}}}, "reference/chains/parsing/__init__.py": {"executed_lines": [1, 8, 9, 10, 11, 13], "summary": {"covered_lines": 5, "num_statements": 5, "percent_covered": 100.0, "percent_covered_display": "100.00", "missing_lines": 0, "excluded_lines": 0}, "missing_lines": [], "excluded_lines": [], "functions": {"": {"executed_lines": [1, 8, 9, 10, 11, 13], "summary": {"covered_lines": 5, "num_statements": 5, "percent_covered": 100.0, "percent_covered_display": "100.00", "missing_lines": 0, "excluded_lines": 0}, "missing_lines": [], "excluded_lines": []}}, "classes": {"": {"executed_lines": [1, 8, 9, 10, 11, 13], "summary": {"covered_lines": 5, "num_statements": 5, "percent_covered": 100.0, "percent_covered_display": "100.00", "missing_lines": 0, "excluded_lines": 0}, "missing_lines": [], "excluded_lines": []}}}, "reference/chains/parsing/base.py": {"executed_lines": [1, 8, 9, 10, 13, 14, 15, 35, 36, 37, 38, 41, 42, 43, 46, 49, 52, 55, 56, 57, 60, 62, 64, 66, 68, 70, 72, 75, 76, 84, 85, 86, 95, 96, 113, 114, 134, 144, 146, 156, 166, 167], "summary": {"covered_lines": 38, "num_statements": 41, "percent_covered": 92.6829268292683, "percent_covered_display": "92.68", "missing_lines": 3, "excluded_lines": 0}, "missing_lines": [93, 111, 132], "excluded_lines": [], "functions": {"ParsingResult.has_selections": {"executed_lines": [64], "summary": {"covered_lines": 1, "num_statements": 1, "percent_covered": 100.0, "percent_covered_display": "100.00", "missing_lines": 0, "excluded_lines": 0}, "missing_lines": [], "excluded_lines": []}, "ParsingResult.get_all_variables": {"executed_lines": [68], "summary": {"covered_lines": 1, "num_statements": 1, "percent_covered": 100.0, "percent_covered_display": "100.00", "missing_lines": 0, "excluded_lines": 0}, "missing_lines": [], "excluded_lines": []}, "ParsingResult.has_activations": {"executed_lines": [72], "summary": {"covered_lines": 1, "num_statements": 1, "percent_covered": 100.0, "percent_covered_display": "100.00", "missing_lines": 0, "excluded_lines": 0}, "missing_lines": [], "excluded_lines": []}, "BaseOutputParser.name": {"executed_lines": [], "summary": {"covered_lines": 0, "num_statements": 1, "percent_covered": 0.0, "percent_covered_display": "0.00", "missing_lines": 1, "excluded_lines": 0}, "missing_lines": [93], "excluded_lines": []}, "BaseOutputParser.can_parse": {"executed_lines": [], "summary": {"covered_lines": 0, "num_statements": 1, "percent_covered": 0.0, "percent_covered_display": "0.00", "missing_lines": 1, "excluded_lines": 0}, "missing_lines": [111], "excluded_lines": []}, "BaseOutputParser.parse": {"executed_lines": [], "summary": {"covered_lines": 0, "num_statements": 1, "percent_covered": 0.0, "percent_covered_display": "0.00", "missing_lines": 1, "excluded_lines": 0}, "missing_lines": [132], "excluded_lines": []}, "BaseOutputParser._extract_lines": {"executed_lines": [144], "summary": {"covered_lines": 1, "num_statements": 1, "percent_covered": 100.0, "percent_covered_display": "100.00", "missing_lines": 0, "excluded_lines": 0}, "missing_lines": [], "excluded_lines": []}, "BaseOutputParser._is_error_output": {"executed_lines": [156, 166, 167], "summary": {"covered_lines": 3, "num_statements": 3, "percent_covered": 100.0, "percent_covered_display": "100.00", "missing_lines": 0, "excluded_lines": 0}, "missing_lines": [], "excluded_lines": []}, "": {"executed_lines": [1, 8, 9, 10, 13, 14, 15, 35, 36, 37, 38, 41, 42, 43, 46, 49, 52, 55, 56, 57, 60, 62, 66, 70, 75, 76, 84, 85, 86, 95, 96, 113, 114, 134, 146], "summary": {"covered_lines": 31, "num_statements": 31, "percent_covered": 100.0, "percent_covered_display": "100.00", "missing_lines": 0, "excluded_lines": 0}, "missing_lines": [], "excluded_lines": []}}, "classes": {"ChainActivation": {"executed_lines": [], "summary": {"covered_lines": 0, "num_statements": 0, "percent_covered": 100.0, "percent_covered_display": "100.00", "missing_lines": 0, "excluded_lines": 0}, "missing_lines": [], "excluded_lines": []}, "ParsingResult": {"executed_lines": [64, 68, 72], "summary": {"covered_lines": 3, "num_statements": 3, "percent_covered": 100.0, "percent_covered_display": "100.00", "missing_lines": 0, "excluded_lines": 0}, "missing_lines": [], "excluded_lines": []}, "BaseOutputParser": {"executed_lines": [144, 156, 166, 167], "summary": {"covered_lines": 4, "num_statements": 7, "percent_covered": 57.142857142857146, "percent_covered_display": "57.14", "missing_lines": 3, "excluded_lines": 0}, "missing_lines": [93, 111, 132], "excluded_lines": []}, "": {"executed_lines": [1, 8, 9, 10, 13, 14, 15, 35, 36, 37, 38, 41, 42, 43, 46, 49, 52, 55, 56, 57, 60, 62, 66, 70, 75, 76, 84, 85, 86, 95, 96, 113, 114, 134, 146], "summary": {"covered_lines": 31, "num_statements": 31, "percent_covered": 100.0, "percent_covered_display": "100.00", "missing_lines": 0, "excluded_lines": 0}, "missing_lines": [], "excluded_lines": []}}}, "reference/chains/parsing/capabilities_parser.py": {"executed_lines": [1, 9, 10, 11, 12, 16, 60, 71, 72, 73, 78, 80, 81, 82, 84, 86, 87, 89, 101, 104, 105, 106, 107, 110, 111, 112, 113, 114, 116, 117, 118, 120, 121, 122, 125, 126, 130, 132, 134, 137, 143, 146, 147, 148, 154, 157, 158, 159, 164, 167, 168, 169, 172, 173, 174, 175, 178, 179, 182, 183, 184, 185, 188, 190, 193, 195, 197, 199, 201, 203, 204, 205], "summary": {"covered_lines": 70, "num_statements": 71, "percent_covered": 98.59154929577464, "percent_covered_display": "98.59", "missing_lines": 1, "excluded_lines": 0}, "missing_lines": [123], "excluded_lines": [], "functions": {"CapabilitiesParser.name": {"executed_lines": [82], "summary": {"covered_lines": 1, "num_statements": 1, "percent_covered": 100.0, "percent_covered_display": "100.00", "missing_lines": 0, "excluded_lines": 0}, "missing_lines": [], "excluded_lines": []}, "CapabilitiesParser.can_parse": {"executed_lines": [86, 87], "summary": {"covered_lines": 2, "num_statements": 2, "percent_covered": 100.0, "percent_covered_display": "100.00", "missing_lines": 0, "excluded_lines": 0}, "missing_lines": [], "excluded_lines": []}, "CapabilitiesParser.parse": {"executed_lines": [101, 104, 105, 106, 107, 110, 111, 112, 113, 114, 116, 117, 118, 120, 121, 122, 125, 126, 130, 132, 134, 137, 143, 146, 147, 148, 154, 157, 158, 159, 164, 167, 168, 169, 172, 173, 174, 175, 178, 179, 182, 183, 184, 185, 188, 190, 193, 195], "summary": {"covered_lines": 48, "num_statements": 49, "percent_covered": 97.95918367346938, "percent_covered_display": "97.96", "missing_lines": 1, "excluded_lines": 0}, "missing_lines": [123], "excluded_lines": []}, "CapabilitiesParser._extract_binary_name": {"executed_lines": [199], "summary": {"covered_lines": 1, "num_statements": 1, "percent_covered": 100.0, "percent_covered_display": "100.00", "missing_lines": 0, "excluded_lines": 0}, "missing_lines": [], "excluded_lines": []}, "CapabilitiesParser._classify_severity": {"executed_lines": [203, 204, 205], "summary": {"covered_lines": 3, "num_statements": 3, "percent_covered": 100.0, "percent_covered_display": "100.00", "missing_lines": 0, "excluded_lines": 0}, "missing_lines": [], "excluded_lines": []}, "": {"executed_lines": [1, 9, 10, 11, 12, 16, 60, 71, 72, 73, 78, 80, 81, 84, 89, 197, 201], "summary": {"covered_lines": 15, "num_statements": 15, "percent_covered": 100.0, "percent_covered_display": "100.00", "missing_lines": 0, "excluded_lines": 0}, "missing_lines": [], "excluded_lines": []}}, "classes": {"CapabilitiesParser": {"executed_lines": [82, 86, 87, 101, 104, 105, 106, 107, 110, 111, 112, 113, 114, 116, 117, 118, 120, 121, 122, 125, 126, 130, 132, 134, 137, 143, 146, 147, 148, 154, 157, 158, 159, 164, 167, 168, 169, 172, 173, 174, 175, 178, 179, 182, 183, 184, 185, 188, 190, 193, 195, 199, 203, 204, 205], "summary": {"covered_lines": 55, "num_statements": 56, "percent_covered": 98.21428571428571, "percent_covered_display": "98.21", "missing_lines": 1, "excluded_lines": 0}, "missing_lines": [123], "excluded_lines": []}, "": {"executed_lines": [1, 9, 10, 11, 12, 16, 60, 71, 72, 73, 78, 80, 81, 84, 89, 197, 201], "summary": {"covered_lines": 15, "num_statements": 15, "percent_covered": 100.0, "percent_covered_display": "100.00", "missing_lines": 0, "excluded_lines": 0}, "missing_lines": [], "excluded_lines": []}}}, "reference/chains/parsing/docker_parser.py": {"executed_lines": [1, 7, 8, 9, 10, 13, 14, 15, 25, 26, 27, 29, 31, 32, 41, 54, 57, 63, 64, 65, 66, 67, 70, 73, 74, 77, 79, 80, 81, 83, 84, 87, 88, 91, 92, 95, 106, 109, 111, 114, 115, 119, 120, 122, 123, 125, 127, 138, 139, 141, 143, 145, 146, 147, 149, 150, 151, 152, 154, 155, 156, 157, 158, 160, 162, 174, 177, 178, 181, 183, 185, 186, 187, 192, 194, 196, 208, 209, 212, 214, 215, 216, 217, 218, 221, 222, 223, 226, 228, 234, 236, 238, 248, 249, 251, 252, 253, 255], "summary": {"covered_lines": 96, "num_statements": 102, "percent_covered": 94.11764705882354, "percent_covered_display": "94.12", "missing_lines": 6, "excluded_lines": 0}, "missing_lines": [58, 59, 60, 175, 224, 254], "excluded_lines": [], "functions": {"DockerParser.name": {"executed_lines": [27], "summary": {"covered_lines": 1, "num_statements": 1, "percent_covered": 100.0, "percent_covered_display": "100.00", "missing_lines": 0, "excluded_lines": 0}, "missing_lines": [], "excluded_lines": []}, "DockerParser.can_parse": {"executed_lines": [31, 32], "summary": {"covered_lines": 2, "num_statements": 2, "percent_covered": 100.0, "percent_covered_display": "100.00", "missing_lines": 0, "excluded_lines": 0}, "missing_lines": [], "excluded_lines": []}, "DockerParser.parse": {"executed_lines": [54, 57, 63, 64, 65, 66, 67, 70, 73, 74, 77, 79, 80, 81, 83, 84, 87, 88, 91, 92, 95, 106, 109, 111, 114, 115, 119, 120, 122, 123, 125], "summary": {"covered_lines": 31, "num_statements": 34, "percent_covered": 91.17647058823529, "percent_covered_display": "91.18", "missing_lines": 3, "excluded_lines": 0}, "missing_lines": [58, 59, 60], "excluded_lines": []}, "DockerParser._parse_group_output": {"executed_lines": [138, 139, 141, 143, 145, 146, 147, 149, 150, 151, 152, 154, 155, 156, 157, 158, 160], "summary": {"covered_lines": 17, "num_statements": 17, "percent_covered": 100.0, "percent_covered_display": "100.00", "missing_lines": 0, "excluded_lines": 0}, "missing_lines": [], "excluded_lines": []}, "DockerParser._parse_docker_ps": {"executed_lines": [174, 177, 178, 181, 183, 185, 186, 187, 192, 194], "summary": {"covered_lines": 10, "num_statements": 11, "percent_covered": 90.9090909090909, "percent_covered_display": "90.91", "missing_lines": 1, "excluded_lines": 0}, "missing_lines": [175], "excluded_lines": []}, "DockerParser._parse_docker_images": {"executed_lines": [208, 209, 212, 214, 215, 216, 217, 218, 221, 222, 223, 226, 228, 234, 236], "summary": {"covered_lines": 15, "num_statements": 16, "percent_covered": 93.75, "percent_covered_display": "93.75", "missing_lines": 1, "excluded_lines": 0}, "missing_lines": [224], "excluded_lines": []}, "DockerParser._parse_socket_permissions": {"executed_lines": [248, 249, 251, 252, 253, 255], "summary": {"covered_lines": 6, "num_statements": 7, "percent_covered": 85.71428571428571, "percent_covered_display": "85.71", "missing_lines": 1, "excluded_lines": 0}, "missing_lines": [254], "excluded_lines": []}, "": {"executed_lines": [1, 7, 8, 9, 10, 13, 14, 15, 25, 26, 29, 41, 127, 162, 196, 238], "summary": {"covered_lines": 14, "num_statements": 14, "percent_covered": 100.0, "percent_covered_display": "100.00", "missing_lines": 0, "excluded_lines": 0}, "missing_lines": [], "excluded_lines": []}}, "classes": {"DockerParser": {"executed_lines": [27, 31, 32, 54, 57, 63, 64, 65, 66, 67, 70, 73, 74, 77, 79, 80, 81, 83, 84, 87, 88, 91, 92, 95, 106, 109, 111, 114, 115, 119, 120, 122, 123, 125, 138, 139, 141, 143, 145, 146, 147, 149, 150, 151, 152, 154, 155, 156, 157, 158, 160, 174, 177, 178, 181, 183, 185, 186, 187, 192, 194, 208, 209, 212, 214, 215, 216, 217, 218, 221, 222, 223, 226, 228, 234, 236, 248, 249, 251, 252, 253, 255], "summary": {"covered_lines": 82, "num_statements": 88, "percent_covered": 93.18181818181819, "percent_covered_display": "93.18", "missing_lines": 6, "excluded_lines": 0}, "missing_lines": [58, 59, 60, 175, 224, 254], "excluded_lines": []}, "": {"executed_lines": [1, 7, 8, 9, 10, 13, 14, 15, 25, 26, 29, 41, 127, 162, 196, 238], "summary": {"covered_lines": 14, "num_statements": 14, "percent_covered": 100.0, "percent_covered_display": "100.00", "missing_lines": 0, "excluded_lines": 0}, "missing_lines": [], "excluded_lines": []}}}, "reference/chains/parsing/registry.py": {"executed_lines": [1, 7, 8, 11, 12, 19, 20, 22, 23, 42, 43, 44, 46, 50, 51, 62, 64, 65, 82, 83, 84, 85, 86, 93, 94, 107, 109, 110, 119, 120], "summary": {"covered_lines": 28, "num_statements": 38, "percent_covered": 73.6842105263158, "percent_covered_display": "73.68", "missing_lines": 10, "excluded_lines": 0}, "missing_lines": [48, 53, 55, 57, 87, 89, 91, 117, 127, 128], "excluded_lines": [], "functions": {"ParserRegistry.register": {"executed_lines": [42, 43, 44, 46, 50, 51, 62], "summary": {"covered_lines": 7, "num_statements": 11, "percent_covered": 63.63636363636363, "percent_covered_display": "63.64", "missing_lines": 4, "excluded_lines": 0}, "missing_lines": [48, 53, 55, 57], "excluded_lines": []}, "ParserRegistry.get_parser": {"executed_lines": [82, 83, 84, 85, 86], "summary": {"covered_lines": 5, "num_statements": 8, "percent_covered": 62.5, "percent_covered_display": "62.50", "missing_lines": 3, "excluded_lines": 0}, "missing_lines": [87, 89, 91], "excluded_lines": []}, "ParserRegistry.get_parser_by_name": {"executed_lines": [107], "summary": {"covered_lines": 1, "num_statements": 1, "percent_covered": 100.0, "percent_covered_display": "100.00", "missing_lines": 0, "excluded_lines": 0}, "missing_lines": [], "excluded_lines": []}, "ParserRegistry.list_parsers": {"executed_lines": [], "summary": {"covered_lines": 0, "num_statements": 1, "percent_covered": 0.0, "percent_covered_display": "0.00", "missing_lines": 1, "excluded_lines": 0}, "missing_lines": [117], "excluded_lines": []}, "ParserRegistry.clear": {"executed_lines": [], "summary": {"covered_lines": 0, "num_statements": 2, "percent_covered": 0.0, "percent_covered_display": "0.00", "missing_lines": 2, "excluded_lines": 0}, "missing_lines": [127, 128], "excluded_lines": []}, "": {"executed_lines": [1, 7, 8, 11, 12, 19, 20, 22, 23, 64, 65, 93, 94, 109, 110, 119, 120], "summary": {"covered_lines": 15, "num_statements": 15, "percent_covered": 100.0, "percent_covered_display": "100.00", "missing_lines": 0, "excluded_lines": 0}, "missing_lines": [], "excluded_lines": []}}, "classes": {"ParserRegistry": {"executed_lines": [42, 43, 44, 46, 50, 51, 62, 82, 83, 84, 85, 86, 107], "summary": {"covered_lines": 13, "num_statements": 23, "percent_covered": 56.52173913043478, "percent_covered_display": "56.52", "missing_lines": 10, "excluded_lines": 0}, "missing_lines": [48, 53, 55, 57, 87, 89, 91, 117, 127, 128], "excluded_lines": []}, "": {"executed_lines": [1, 7, 8, 11, 12, 19, 20, 22, 23, 64, 65, 93, 94, 109, 110, 119, 120], "summary": {"covered_lines": 15, "num_statements": 15, "percent_covered": 100.0, "percent_covered_display": "100.00", "missing_lines": 0, "excluded_lines": 0}, "missing_lines": [], "excluded_lines": []}}}, "reference/chains/parsing/sudo_parser.py": {"executed_lines": [1, 8, 9, 10, 11, 17, 184, 199, 200, 201, 212, 216, 217, 218, 220, 221, 222, 224, 226, 227, 229, 249, 250, 253, 254, 258, 259, 260, 274, 290, 293, 294, 297, 298, 299, 300, 301, 311, 313, 315, 316, 317, 319, 320, 321, 323, 325, 337, 340, 346, 352, 358, 359, 360, 361, 362, 364, 366, 367, 369, 370, 371, 374, 380, 381, 382, 383, 384, 386, 390, 397, 398, 401, 402, 403, 404, 405, 414, 428, 430, 431, 433, 434, 436, 437, 438, 440, 441, 444, 447, 449, 458, 459, 460, 461, 463], "summary": {"covered_lines": 94, "num_statements": 119, "percent_covered": 78.99159663865547, "percent_covered_display": "78.99", "missing_lines": 25, "excluded_lines": 0}, "missing_lines": [255, 263, 264, 265, 268, 269, 270, 272, 304, 305, 306, 307, 309, 322, 341, 342, 343, 347, 348, 349, 353, 354, 355, 375, 387], "excluded_lines": [], "functions": {"SudoParser.name": {"executed_lines": [222], "summary": {"covered_lines": 1, "num_statements": 1, "percent_covered": 100.0, "percent_covered_display": "100.00", "missing_lines": 0, "excluded_lines": 0}, "missing_lines": [], "excluded_lines": []}, "SudoParser.can_parse": {"executed_lines": [226, 227], "summary": {"covered_lines": 2, "num_statements": 2, "percent_covered": 100.0, "percent_covered_display": "100.00", "missing_lines": 0, "excluded_lines": 0}, "missing_lines": [], "excluded_lines": []}, "SudoParser._fuzzy_match_gtfobin": {"executed_lines": [249, 250, 253, 254, 258, 259, 260], "summary": {"covered_lines": 7, "num_statements": 15, "percent_covered": 46.666666666666664, "percent_covered_display": "46.67", "missing_lines": 8, "excluded_lines": 0}, "missing_lines": [255, 263, 264, 265, 268, 269, 270, 272], "excluded_lines": []}, "SudoParser._extract_binary_from_command": {"executed_lines": [290, 293, 294, 297, 298, 299, 300, 301], "summary": {"covered_lines": 8, "num_statements": 13, "percent_covered": 61.53846153846154, "percent_covered_display": "61.54", "missing_lines": 5, "excluded_lines": 0}, "missing_lines": [304, 305, 306, 307, 309], "excluded_lines": []}, "SudoParser._is_standard_command": {"executed_lines": [313, 315, 316, 317, 319, 320, 321, 323], "summary": {"covered_lines": 8, "num_statements": 9, "percent_covered": 88.88888888888889, "percent_covered_display": "88.89", "missing_lines": 1, "excluded_lines": 0}, "missing_lines": [322], "excluded_lines": []}, "SudoParser.parse": {"executed_lines": [337, 340, 346, 352, 358, 359, 360, 361, 362, 364, 366, 367, 369, 370, 371, 374, 380, 381, 382, 383, 384, 386, 390, 397, 398, 401, 402, 403, 404, 405, 414, 428, 430, 431, 433, 434, 436, 437, 438, 440, 441, 444, 447, 449, 458, 459, 460, 461, 463], "summary": {"covered_lines": 49, "num_statements": 60, "percent_covered": 81.66666666666667, "percent_covered_display": "81.67", "missing_lines": 11, "excluded_lines": 0}, "missing_lines": [341, 342, 343, 347, 348, 349, 353, 354, 355, 375, 387], "excluded_lines": []}, "": {"executed_lines": [1, 8, 9, 10, 11, 17, 184, 199, 200, 201, 212, 216, 217, 218, 220, 221, 224, 229, 274, 311, 325], "summary": {"covered_lines": 19, "num_statements": 19, "percent_covered": 100.0, "percent_covered_display": "100.00", "missing_lines": 0, "excluded_lines": 0}, "missing_lines": [], "excluded_lines": []}}, "classes": {"SudoParser": {"executed_lines": [222, 226, 227, 249, 250, 253, 254, 258, 259, 260, 290, 293, 294, 297, 298, 299, 300, 301, 313, 315, 316, 317, 319, 320, 321, 323, 337, 340, 346, 352, 358, 359, 360, 361, 362, 364, 366, 367, 369, 370, 371, 374, 380, 381, 382, 383, 384, 386, 390, 397, 398, 401, 402, 403, 404, 405, 414, 428, 430, 431, 433, 434, 436, 437, 438, 440, 441, 444, 447, 449, 458, 459, 460, 461, 463], "summary": {"covered_lines": 75, "num_statements": 100, "percent_covered": 75.0, "percent_covered_display": "75.00", "missing_lines": 25, "excluded_lines": 0}, "missing_lines": [255, 263, 264, 265, 268, 269, 270, 272, 304, 305, 306, 307, 309, 322, 341, 342, 343, 347, 348, 349, 353, 354, 355, 375, 387], "excluded_lines": []}, "": {"executed_lines": [1, 8, 9, 10, 11, 17, 184, 199, 200, 201, 212, 216, 217, 218, 220, 221, 224, 229, 274, 311, 325], "summary": {"covered_lines": 19, "num_statements": 19, "percent_covered": 100.0, "percent_covered_display": "100.00", "missing_lines": 0, "excluded_lines": 0}, "missing_lines": [], "excluded_lines": []}}}, "reference/chains/parsing/suid_parser.py": {"executed_lines": [1, 7, 8, 9, 10, 15, 125, 176, 177, 178, 187, 189, 190, 191, 193, 195, 198, 204, 224, 225, 228, 229, 230, 231, 234, 235, 239, 240, 241, 243, 245, 257, 260, 261, 262, 263, 266, 267, 268, 269, 271, 272, 273, 276, 277, 280, 283, 284, 286, 288, 297, 300, 301, 302, 303, 305, 308, 320, 321, 322, 323, 325, 328, 331, 332, 334, 335, 341, 342, 343, 349, 351], "summary": {"covered_lines": 70, "num_statements": 72, "percent_covered": 97.22222222222223, "percent_covered_display": "97.22", "missing_lines": 2, "excluded_lines": 0}, "missing_lines": [236, 274], "excluded_lines": [], "functions": {"SUIDParser.name": {"executed_lines": [191], "summary": {"covered_lines": 1, "num_statements": 1, "percent_covered": 100.0, "percent_covered_display": "100.00", "missing_lines": 0, "excluded_lines": 0}, "missing_lines": [], "excluded_lines": []}, "SUIDParser.can_parse": {"executed_lines": [195, 198], "summary": {"covered_lines": 2, "num_statements": 2, "percent_covered": 100.0, "percent_covered_display": "100.00", "missing_lines": 0, "excluded_lines": 0}, "missing_lines": [], "excluded_lines": []}, "SUIDParser._fuzzy_match_gtfobin": {"executed_lines": [224, 225, 228, 229, 230, 231, 234, 235, 239, 240, 241, 243], "summary": {"covered_lines": 12, "num_statements": 13, "percent_covered": 92.3076923076923, "percent_covered_display": "92.31", "missing_lines": 1, "excluded_lines": 0}, "missing_lines": [236], "excluded_lines": []}, "SUIDParser.parse": {"executed_lines": [257, 260, 261, 262, 263, 266, 267, 268, 269, 271, 272, 273, 276, 277, 280, 283, 284, 286, 288, 297, 300, 301, 302, 303, 305, 308, 320, 321, 322, 323, 325, 328, 331, 332, 334, 335, 341, 342, 343, 349, 351], "summary": {"covered_lines": 41, "num_statements": 42, "percent_covered": 97.61904761904762, "percent_covered_display": "97.62", "missing_lines": 1, "excluded_lines": 0}, "missing_lines": [274], "excluded_lines": []}, "": {"executed_lines": [1, 7, 8, 9, 10, 15, 125, 176, 177, 178, 187, 189, 190, 193, 204, 245], "summary": {"covered_lines": 14, "num_statements": 14, "percent_covered": 100.0, "percent_covered_display": "100.00", "missing_lines": 0, "excluded_lines": 0}, "missing_lines": [], "excluded_lines": []}}, "classes": {"SUIDParser": {"executed_lines": [191, 195, 198, 224, 225, 228, 229, 230, 231, 234, 235, 239, 240, 241, 243, 257, 260, 261, 262, 263, 266, 267, 268, 269, 271, 272, 273, 276, 277, 280, 283, 284, 286, 288, 297, 300, 301, 302, 303, 305, 308, 320, 321, 322, 323, 325, 328, 331, 332, 334, 335, 341, 342, 343, 349, 351], "summary": {"covered_lines": 56, "num_statements": 58, "percent_covered": 96.55172413793103, "percent_covered_display": "96.55", "missing_lines": 2, "excluded_lines": 0}, "missing_lines": [236, 274], "excluded_lines": []}, "": {"executed_lines": [1, 7, 8, 9, 10, 15, 125, 176, 177, 178, 187, 189, 190, 193, 204, 245], "summary": {"covered_lines": 14, "num_statements": 14, "percent_covered": 100.0, "percent_covered_display": "100.00", "missing_lines": 0, "excluded_lines": 0}, "missing_lines": [], "excluded_lines": []}}}, "reference/chains/registry.py": {"executed_lines": [1, 3, 5, 6, 9, 10, 11, 13, 15, 16, 20, 21, 23, 25, 30, 41, 59, 65, 92, 93, 104, 105], "summary": {"covered_lines": 19, "num_statements": 67, "percent_covered": 28.35820895522388, "percent_covered_display": "28.36", "missing_lines": 48, "excluded_lines": 0}, "missing_lines": [17, 26, 27, 28, 32, 33, 34, 37, 38, 39, 50, 51, 52, 53, 56, 57, 62, 63, 72, 73, 74, 75, 77, 78, 79, 80, 81, 82, 84, 85, 86, 87, 88, 90, 94, 95, 96, 97, 98, 100, 101, 102, 106, 107, 108, 109, 110, 111], "excluded_lines": [], "functions": {"_CacheKey.from_kwargs": {"executed_lines": [], "summary": {"covered_lines": 0, "num_statements": 1, "percent_covered": 0.0, "percent_covered_display": "0.00", "missing_lines": 1, "excluded_lines": 0}, "missing_lines": [17], "excluded_lines": []}, "ChainRegistry.__new__": {"executed_lines": [], "summary": {"covered_lines": 0, "num_statements": 3, "percent_covered": 0.0, "percent_covered_display": "0.00", "missing_lines": 3, "excluded_lines": 0}, "missing_lines": [26, 27, 28], "excluded_lines": []}, "ChainRegistry.__init__": {"executed_lines": [], "summary": {"covered_lines": 0, "num_statements": 6, "percent_covered": 0.0, "percent_covered_display": "0.00", "missing_lines": 6, "excluded_lines": 0}, "missing_lines": [32, 33, 34, 37, 38, 39], "excluded_lines": []}, "ChainRegistry.register_chain": {"executed_lines": [], "summary": {"covered_lines": 0, "num_statements": 6, "percent_covered": 0.0, "percent_covered_display": "0.00", "missing_lines": 6, "excluded_lines": 0}, "missing_lines": [50, 51, 52, 53, 56, 57], "excluded_lines": []}, "ChainRegistry.get_chain": {"executed_lines": [], "summary": {"covered_lines": 0, "num_statements": 2, "percent_covered": 0.0, "percent_covered_display": "0.00", "missing_lines": 2, "excluded_lines": 0}, "missing_lines": [62, 63], "excluded_lines": []}, "ChainRegistry.filter_chains": {"executed_lines": [], "summary": {"covered_lines": 0, "num_statements": 16, "percent_covered": 0.0, "percent_covered_display": "0.00", "missing_lines": 16, "excluded_lines": 0}, "missing_lines": [72, 73, 74, 75, 77, 78, 79, 80, 81, 82, 84, 85, 86, 87, 88, 90], "excluded_lines": []}, "ChainRegistry._matches": {"executed_lines": [], "summary": {"covered_lines": 0, "num_statements": 8, "percent_covered": 0.0, "percent_covered_display": "0.00", "missing_lines": 8, "excluded_lines": 0}, "missing_lines": [94, 95, 96, 97, 98, 100, 101, 102], "excluded_lines": []}, "ChainRegistry._resolve_field": {"executed_lines": [], "summary": {"covered_lines": 0, "num_statements": 6, "percent_covered": 0.0, "percent_covered_display": "0.00", "missing_lines": 6, "excluded_lines": 0}, "missing_lines": [106, 107, 108, 109, 110, 111], "excluded_lines": []}, "": {"executed_lines": [1, 3, 5, 6, 9, 10, 11, 13, 15, 16, 20, 21, 23, 25, 30, 41, 59, 65, 92, 93, 104, 105], "summary": {"covered_lines": 19, "num_statements": 19, "percent_covered": 100.0, "percent_covered_display": "100.00", "missing_lines": 0, "excluded_lines": 0}, "missing_lines": [], "excluded_lines": []}}, "classes": {"_CacheKey": {"executed_lines": [], "summary": {"covered_lines": 0, "num_statements": 1, "percent_covered": 0.0, "percent_covered_display": "0.00", "missing_lines": 1, "excluded_lines": 0}, "missing_lines": [17], "excluded_lines": []}, "ChainRegistry": {"executed_lines": [], "summary": {"covered_lines": 0, "num_statements": 47, "percent_covered": 0.0, "percent_covered_display": "0.00", "missing_lines": 47, "excluded_lines": 0}, "missing_lines": [26, 27, 28, 32, 33, 34, 37, 38, 39, 50, 51, 52, 53, 56, 57, 62, 63, 72, 73, 74, 75, 77, 78, 79, 80, 81, 82, 84, 85, 86, 87, 88, 90, 94, 95, 96, 97, 98, 100, 101, 102, 106, 107, 108, 109, 110, 111], "excluded_lines": []}, "": {"executed_lines": [1, 3, 5, 6, 9, 10, 11, 13, 15, 16, 20, 21, 23, 25, 30, 41, 59, 65, 92, 93, 104, 105], "summary": {"covered_lines": 19, "num_statements": 19, "percent_covered": 100.0, "percent_covered_display": "100.00", "missing_lines": 0, "excluded_lines": 0}, "missing_lines": [], "excluded_lines": []}}}, "reference/chains/session_storage.py": {"executed_lines": [1, 11, 12, 13, 14, 17, 18, 20, 38, 53, 58, 67, 77, 87, 98, 109, 134, 135, 173, 174, 189], "summary": {"covered_lines": 19, "num_statements": 80, "percent_covered": 23.75, "percent_covered_display": "23.75", "missing_lines": 61, "excluded_lines": 0}, "missing_lines": [27, 28, 29, 30, 31, 32, 33, 34, 35, 36, 45, 46, 48, 49, 51, 55, 56, 64, 65, 74, 75, 84, 85, 96, 107, 111, 112, 115, 116, 118, 131, 132, 145, 146, 147, 149, 150, 152, 153, 154, 157, 158, 159, 160, 161, 162, 163, 164, 165, 167, 169, 171, 184, 185, 186, 187, 191, 192, 193, 195, 196], "excluded_lines": [], "functions": {"ChainSession.__init__": {"executed_lines": [], "summary": {"covered_lines": 0, "num_statements": 10, "percent_covered": 0.0, "percent_covered_display": "0.00", "missing_lines": 10, "excluded_lines": 0}, "missing_lines": [27, 28, 29, 30, 31, 32, 33, 34, 35, 36], "excluded_lines": []}, "ChainSession.mark_step_complete": {"executed_lines": [], "summary": {"covered_lines": 0, "num_statements": 5, "percent_covered": 0.0, "percent_covered_display": "0.00", "missing_lines": 5, "excluded_lines": 0}, "missing_lines": [45, 46, 48, 49, 51], "excluded_lines": []}, "ChainSession.advance_step": {"executed_lines": [], "summary": {"covered_lines": 0, "num_statements": 2, "percent_covered": 0.0, "percent_covered_display": "0.00", "missing_lines": 2, "excluded_lines": 0}, "missing_lines": [55, 56], "excluded_lines": []}, "ChainSession.add_variables": {"executed_lines": [], "summary": {"covered_lines": 0, "num_statements": 2, "percent_covered": 0.0, "percent_covered_display": "0.00", "missing_lines": 2, "excluded_lines": 0}, "missing_lines": [64, 65], "excluded_lines": []}, "ChainSession.store_step_findings": {"executed_lines": [], "summary": {"covered_lines": 0, "num_statements": 2, "percent_covered": 0.0, "percent_covered_display": "0.00", "missing_lines": 2, "excluded_lines": 0}, "missing_lines": [74, 75], "excluded_lines": []}, "ChainSession.store_step_variables": {"executed_lines": [], "summary": {"covered_lines": 0, "num_statements": 2, "percent_covered": 0.0, "percent_covered_display": "0.00", "missing_lines": 2, "excluded_lines": 0}, "missing_lines": [84, 85], "excluded_lines": []}, "ChainSession.get_step_findings": {"executed_lines": [], "summary": {"covered_lines": 0, "num_statements": 1, "percent_covered": 0.0, "percent_covered_display": "0.00", "missing_lines": 1, "excluded_lines": 0}, "missing_lines": [96], "excluded_lines": []}, "ChainSession.get_step_variables": {"executed_lines": [], "summary": {"covered_lines": 0, "num_statements": 1, "percent_covered": 0.0, "percent_covered_display": "0.00", "missing_lines": 1, "excluded_lines": 0}, "missing_lines": [107], "excluded_lines": []}, "ChainSession.save": {"executed_lines": [], "summary": {"covered_lines": 0, "num_statements": 7, "percent_covered": 0.0, "percent_covered_display": "0.00", "missing_lines": 7, "excluded_lines": 0}, "missing_lines": [111, 112, 115, 116, 118, 131, 132], "excluded_lines": []}, "ChainSession.load": {"executed_lines": [], "summary": {"covered_lines": 0, "num_statements": 20, "percent_covered": 0.0, "percent_covered_display": "0.00", "missing_lines": 20, "excluded_lines": 0}, "missing_lines": [145, 146, 147, 149, 150, 152, 153, 154, 157, 158, 159, 160, 161, 162, 163, 164, 165, 167, 169, 171], "excluded_lines": []}, "ChainSession.exists": {"executed_lines": [], "summary": {"covered_lines": 0, "num_statements": 4, "percent_covered": 0.0, "percent_covered_display": "0.00", "missing_lines": 4, "excluded_lines": 0}, "missing_lines": [184, 185, 186, 187], "excluded_lines": []}, "ChainSession.delete": {"executed_lines": [], "summary": {"covered_lines": 0, "num_statements": 5, "percent_covered": 0.0, "percent_covered_display": "0.00", "missing_lines": 5, "excluded_lines": 0}, "missing_lines": [191, 192, 193, 195, 196], "excluded_lines": []}, "": {"executed_lines": [1, 11, 12, 13, 14, 17, 18, 20, 38, 53, 58, 67, 77, 87, 98, 109, 134, 135, 173, 174, 189], "summary": {"covered_lines": 19, "num_statements": 19, "percent_covered": 100.0, "percent_covered_display": "100.00", "missing_lines": 0, "excluded_lines": 0}, "missing_lines": [], "excluded_lines": []}}, "classes": {"ChainSession": {"executed_lines": [], "summary": {"covered_lines": 0, "num_statements": 61, "percent_covered": 0.0, "percent_covered_display": "0.00", "missing_lines": 61, "excluded_lines": 0}, "missing_lines": [27, 28, 29, 30, 31, 32, 33, 34, 35, 36, 45, 46, 48, 49, 51, 55, 56, 64, 65, 74, 75, 84, 85, 96, 107, 111, 112, 115, 116, 118, 131, 132, 145, 146, 147, 149, 150, 152, 153, 154, 157, 158, 159, 160, 161, 162, 163, 164, 165, 167, 169, 171, 184, 185, 186, 187, 191, 192, 193, 195, 196], "excluded_lines": []}, "": {"executed_lines": [1, 11, 12, 13, 14, 17, 18, 20, 38, 53, 58, 67, 77, 87, 98, 109, 134, 135, 173, 174, 189], "summary": {"covered_lines": 19, "num_statements": 19, "percent_covered": 100.0, "percent_covered_display": "100.00", "missing_lines": 0, "excluded_lines": 0}, "missing_lines": [], "excluded_lines": []}}}, "reference/chains/validator.py": {"executed_lines": [1, 3, 5, 6, 7, 9, 11, 14, 15, 17, 29, 30, 39, 56, 57, 62, 67, 85], "summary": {"covered_lines": 16, "num_statements": 86, "percent_covered": 18.6046511627907, "percent_covered_display": "18.60", "missing_lines": 70, "excluded_lines": 0}, "missing_lines": [23, 24, 25, 26, 27, 31, 32, 33, 34, 35, 36, 37, 46, 47, 49, 50, 51, 52, 53, 54, 60, 65, 70, 71, 72, 73, 74, 75, 76, 77, 78, 79, 80, 83, 88, 89, 90, 92, 93, 94, 95, 96, 97, 98, 99, 101, 103, 106, 107, 108, 109, 114, 115, 117, 118, 119, 120, 121, 122, 123, 125, 126, 127, 128, 129, 130, 131, 133, 134, 136], "excluded_lines": [], "functions": {"ChainValidator.__init__": {"executed_lines": [], "summary": {"covered_lines": 0, "num_statements": 5, "percent_covered": 0.0, "percent_covered_display": "0.00", "missing_lines": 5, "excluded_lines": 0}, "missing_lines": [23, 24, 25, 26, 27], "excluded_lines": []}, "ChainValidator._load_schema": {"executed_lines": [], "summary": {"covered_lines": 0, "num_statements": 7, "percent_covered": 0.0, "percent_covered_display": "0.00", "missing_lines": 7, "excluded_lines": 0}, "missing_lines": [31, 32, 33, 34, 35, 36, 37], "excluded_lines": []}, "ChainValidator.validate_schema": {"executed_lines": [], "summary": {"covered_lines": 0, "num_statements": 8, "percent_covered": 0.0, "percent_covered_display": "0.00", "missing_lines": 8, "excluded_lines": 0}, "missing_lines": [46, 47, 49, 50, 51, 52, 53, 54], "excluded_lines": []}, "ChainValidator.command_resolver": {"executed_lines": [], "summary": {"covered_lines": 0, "num_statements": 1, "percent_covered": 0.0, "percent_covered_display": "0.00", "missing_lines": 1, "excluded_lines": 0}, "missing_lines": [60], "excluded_lines": []}, "ChainValidator.set_command_resolver": {"executed_lines": [], "summary": {"covered_lines": 0, "num_statements": 1, "percent_covered": 0.0, "percent_covered_display": "0.00", "missing_lines": 1, "excluded_lines": 0}, "missing_lines": [65], "excluded_lines": []}, "ChainValidator.validate_command_refs": {"executed_lines": [], "summary": {"covered_lines": 0, "num_statements": 12, "percent_covered": 0.0, "percent_covered_display": "0.00", "missing_lines": 12, "excluded_lines": 0}, "missing_lines": [70, 71, 72, 73, 74, 75, 76, 77, 78, 79, 80, 83], "excluded_lines": []}, "ChainValidator.check_circular_dependencies": {"executed_lines": [], "summary": {"covered_lines": 0, "num_statements": 23, "percent_covered": 0.0, "percent_covered_display": "0.00", "missing_lines": 23, "excluded_lines": 0}, "missing_lines": [88, 89, 90, 92, 93, 94, 95, 96, 97, 98, 99, 101, 103, 106, 107, 108, 109, 114, 115, 117, 133, 134, 136], "excluded_lines": []}, "ChainValidator.check_circular_dependencies.visit": {"executed_lines": [], "summary": {"covered_lines": 0, "num_statements": 13, "percent_covered": 0.0, "percent_covered_display": "0.00", "missing_lines": 13, "excluded_lines": 0}, "missing_lines": [118, 119, 120, 121, 122, 123, 125, 126, 127, 128, 129, 130, 131], "excluded_lines": []}, "": {"executed_lines": [1, 3, 5, 6, 7, 9, 11, 14, 15, 17, 29, 30, 39, 56, 57, 62, 67, 85], "summary": {"covered_lines": 16, "num_statements": 16, "percent_covered": 100.0, "percent_covered_display": "100.00", "missing_lines": 0, "excluded_lines": 0}, "missing_lines": [], "excluded_lines": []}}, "classes": {"ChainValidator": {"executed_lines": [], "summary": {"covered_lines": 0, "num_statements": 70, "percent_covered": 0.0, "percent_covered_display": "0.00", "missing_lines": 70, "excluded_lines": 0}, "missing_lines": [23, 24, 25, 26, 27, 31, 32, 33, 34, 35, 36, 37, 46, 47, 49, 50, 51, 52, 53, 54, 60, 65, 70, 71, 72, 73, 74, 75, 76, 77, 78, 79, 80, 83, 88, 89, 90, 92, 93, 94, 95, 96, 97, 98, 99, 101, 103, 106, 107, 108, 109, 114, 115, 117, 118, 119, 120, 121, 122, 123, 125, 126, 127, 128, 129, 130, 131, 133, 134, 136], "excluded_lines": []}, "": {"executed_lines": [1, 3, 5, 6, 7, 9, 11, 14, 15, 17, 29, 30, 39, 56, 57, 62, 67, 85], "summary": {"covered_lines": 16, "num_statements": 16, "percent_covered": 100.0, "percent_covered_display": "100.00", "missing_lines": 0, "excluded_lines": 0}, "missing_lines": [], "excluded_lines": []}}}, "reference/chains/variables/__init__.py": {"executed_lines": [1, 7, 8, 10], "summary": {"covered_lines": 3, "num_statements": 3, "percent_covered": 100.0, "percent_covered_display": "100.00", "missing_lines": 0, "excluded_lines": 0}, "missing_lines": [], "excluded_lines": [], "functions": {"": {"executed_lines": [1, 7, 8, 10], "summary": {"covered_lines": 3, "num_statements": 3, "percent_covered": 100.0, "percent_covered_display": "100.00", "missing_lines": 0, "excluded_lines": 0}, "missing_lines": [], "excluded_lines": []}}, "classes": {"": {"executed_lines": [1, 7, 8, 10], "summary": {"covered_lines": 3, "num_statements": 3, "percent_covered": 100.0, "percent_covered_display": "100.00", "missing_lines": 0, "excluded_lines": 0}, "missing_lines": [], "excluded_lines": []}}}, "reference/chains/variables/context.py": {"executed_lines": [1, 7, 8, 11, 12, 14, 15, 16, 17, 20, 21, 36, 50, 84, 97, 109, 121, 147, 163, 173], "summary": {"covered_lines": 17, "num_statements": 60, "percent_covered": 28.333333333333332, "percent_covered_display": "28.33", "missing_lines": 43, "excluded_lines": 0}, "missing_lines": [44, 45, 48, 65, 66, 67, 70, 71, 74, 76, 77, 78, 79, 82, 93, 94, 95, 105, 106, 107, 119, 131, 134, 135, 138, 139, 142, 143, 145, 158, 160, 161, 170, 171, 187, 188, 190, 191, 193, 194, 195, 196, 198], "excluded_lines": [], "functions": {"VariableContext.__init__": {"executed_lines": [], "summary": {"covered_lines": 0, "num_statements": 3, "percent_covered": 0.0, "percent_covered_display": "0.00", "missing_lines": 3, "excluded_lines": 0}, "missing_lines": [44, 45, 48], "excluded_lines": []}, "VariableContext.resolve": {"executed_lines": [], "summary": {"covered_lines": 0, "num_statements": 11, "percent_covered": 0.0, "percent_covered_display": "0.00", "missing_lines": 11, "excluded_lines": 0}, "missing_lines": [65, 66, 67, 70, 71, 74, 76, 77, 78, 79, 82], "excluded_lines": []}, "VariableContext.set_step_variable": {"executed_lines": [], "summary": {"covered_lines": 0, "num_statements": 3, "percent_covered": 0.0, "percent_covered_display": "0.00", "missing_lines": 3, "excluded_lines": 0}, "missing_lines": [93, 94, 95], "excluded_lines": []}, "VariableContext.set_session_variable": {"executed_lines": [], "summary": {"covered_lines": 0, "num_statements": 3, "percent_covered": 0.0, "percent_covered_display": "0.00", "missing_lines": 3, "excluded_lines": 0}, "missing_lines": [105, 106, 107], "excluded_lines": []}, "VariableContext.get_step_variables": {"executed_lines": [], "summary": {"covered_lines": 0, "num_statements": 1, "percent_covered": 0.0, "percent_covered_display": "0.00", "missing_lines": 1, "excluded_lines": 0}, "missing_lines": [119], "excluded_lines": []}, "VariableContext.get_all_variables": {"executed_lines": [], "summary": {"covered_lines": 0, "num_statements": 8, "percent_covered": 0.0, "percent_covered_display": "0.00", "missing_lines": 8, "excluded_lines": 0}, "missing_lines": [131, 134, 135, 138, 139, 142, 143, 145], "excluded_lines": []}, "VariableContext.get_required_variables": {"executed_lines": [], "summary": {"covered_lines": 0, "num_statements": 3, "percent_covered": 0.0, "percent_covered_display": "0.00", "missing_lines": 3, "excluded_lines": 0}, "missing_lines": [158, 160, 161], "excluded_lines": []}, "VariableContext.clear_step_variables": {"executed_lines": [], "summary": {"covered_lines": 0, "num_statements": 2, "percent_covered": 0.0, "percent_covered_display": "0.00", "missing_lines": 2, "excluded_lines": 0}, "missing_lines": [170, 171], "excluded_lines": []}, "VariableContext.get_variable_source": {"executed_lines": [], "summary": {"covered_lines": 0, "num_statements": 9, "percent_covered": 0.0, "percent_covered_display": "0.00", "missing_lines": 9, "excluded_lines": 0}, "missing_lines": [187, 188, 190, 191, 193, 194, 195, 196, 198], "excluded_lines": []}, "": {"executed_lines": [1, 7, 8, 11, 12, 14, 15, 16, 17, 20, 21, 36, 50, 84, 97, 109, 121, 147, 163, 173], "summary": {"covered_lines": 17, "num_statements": 17, "percent_covered": 100.0, "percent_covered_display": "100.00", "missing_lines": 0, "excluded_lines": 0}, "missing_lines": [], "excluded_lines": []}}, "classes": {"VariableScope": {"executed_lines": [], "summary": {"covered_lines": 0, "num_statements": 0, "percent_covered": 100.0, "percent_covered_display": "100.00", "missing_lines": 0, "excluded_lines": 0}, "missing_lines": [], "excluded_lines": []}, "VariableContext": {"executed_lines": [], "summary": {"covered_lines": 0, "num_statements": 43, "percent_covered": 0.0, "percent_covered_display": "0.00", "missing_lines": 43, "excluded_lines": 0}, "missing_lines": [44, 45, 48, 65, 66, 67, 70, 71, 74, 76, 77, 78, 79, 82, 93, 94, 95, 105, 106, 107, 119, 131, 134, 135, 138, 139, 142, 143, 145, 158, 160, 161, 170, 171, 187, 188, 190, 191, 193, 194, 195, 196, 198], "excluded_lines": []}, "": {"executed_lines": [1, 7, 8, 11, 12, 14, 15, 16, 17, 20, 21, 36, 50, 84, 97, 109, 121, 147, 163, 173], "summary": {"covered_lines": 17, "num_statements": 17, "percent_covered": 100.0, "percent_covered_display": "100.00", "missing_lines": 0, "excluded_lines": 0}, "missing_lines": [], "excluded_lines": []}}}, "reference/chains/variables/extractors.py": {"executed_lines": [1, 7, 10, 11, 19, 55, 56, 105, 106, 128, 129, 145, 146, 160, 161, 174, 175], "summary": {"covered_lines": 15, "num_statements": 51, "percent_covered": 29.41176470588235, "percent_covered_display": "29.41", "missing_lines": 36, "excluded_lines": 0}, "missing_lines": [72, 74, 75, 76, 78, 81, 82, 84, 85, 87, 90, 94, 96, 97, 99, 100, 101, 103, 116, 117, 118, 120, 121, 122, 124, 125, 126, 140, 141, 142, 143, 157, 158, 172, 185, 186], "excluded_lines": [], "functions": {"VariableExtractor.extract": {"executed_lines": [], "summary": {"covered_lines": 0, "num_statements": 18, "percent_covered": 0.0, "percent_covered_display": "0.00", "missing_lines": 18, "excluded_lines": 0}, "missing_lines": [72, 74, 75, 76, 78, 81, 82, 84, 85, 87, 90, 94, 96, 97, 99, 100, 101, 103], "excluded_lines": []}, "VariableExtractor._extract_value": {"executed_lines": [], "summary": {"covered_lines": 0, "num_statements": 9, "percent_covered": 0.0, "percent_covered_display": "0.00", "missing_lines": 9, "excluded_lines": 0}, "missing_lines": [116, 117, 118, 120, 121, 122, 124, 125, 126], "excluded_lines": []}, "VariableExtractor._extract_primary_field": {"executed_lines": [], "summary": {"covered_lines": 0, "num_statements": 4, "percent_covered": 0.0, "percent_covered_display": "0.00", "missing_lines": 4, "excluded_lines": 0}, "missing_lines": [140, 141, 142, 143], "excluded_lines": []}, "VariableExtractor._make_prompt": {"executed_lines": [], "summary": {"covered_lines": 0, "num_statements": 2, "percent_covered": 0.0, "percent_covered_display": "0.00", "missing_lines": 2, "excluded_lines": 0}, "missing_lines": [157, 158], "excluded_lines": []}, "VariableExtractor.add_rule": {"executed_lines": [], "summary": {"covered_lines": 0, "num_statements": 1, "percent_covered": 0.0, "percent_covered_display": "0.00", "missing_lines": 1, "excluded_lines": 0}, "missing_lines": [172], "excluded_lines": []}, "VariableExtractor.remove_rule": {"executed_lines": [], "summary": {"covered_lines": 0, "num_statements": 2, "percent_covered": 0.0, "percent_covered_display": "0.00", "missing_lines": 2, "excluded_lines": 0}, "missing_lines": [185, 186], "excluded_lines": []}, "": {"executed_lines": [1, 7, 10, 11, 19, 55, 56, 105, 106, 128, 129, 145, 146, 160, 161, 174, 175], "summary": {"covered_lines": 15, "num_statements": 15, "percent_covered": 100.0, "percent_covered_display": "100.00", "missing_lines": 0, "excluded_lines": 0}, "missing_lines": [], "excluded_lines": []}}, "classes": {"VariableExtractor": {"executed_lines": [], "summary": {"covered_lines": 0, "num_statements": 36, "percent_covered": 0.0, "percent_covered_display": "0.00", "missing_lines": 36, "excluded_lines": 0}, "missing_lines": [72, 74, 75, 76, 78, 81, 82, 84, 85, 87, 90, 94, 96, 97, 99, 100, 101, 103, 116, 117, 118, 120, 121, 122, 124, 125, 126, 140, 141, 142, 143, 157, 158, 172, 185, 186], "excluded_lines": []}, "": {"executed_lines": [1, 7, 10, 11, 19, 55, 56, 105, 106, 128, 129, 145, 146, 160, 161, 174, 175], "summary": {"covered_lines": 15, "num_statements": 15, "percent_covered": 100.0, "percent_covered_display": "100.00", "missing_lines": 0, "excluded_lines": 0}, "missing_lines": [], "excluded_lines": []}}}}, "totals": {"covered_lines": 807, "num_statements": 1585, "percent_covered": 50.91482649842271, "percent_covered_display": "50.91", "missing_lines": 778, "excluded_lines": 12}}